<?xml version="1.0" encoding="UTF-8"?>
<testsuite xmlns:xsi="http://www.w3.org/2001/XMLSchema-instance" xsi:noNamespaceSchemaLocation="https://maven.apache.org/surefire/maven-surefire-plugin/xsd/surefire-test-report-3.0.xsd" version="3.0" name="com.esempla.proxy.ProxyLibraryApplicationTests" time="3.419" tests="1" errors="0" skipped="0" failures="0">
  <properties>
    <property name="java.specification.version" value="20"/>
    <property name="sun.jnu.encoding" value="UTF-8"/>
    <property name="java.class.path" value="/home/coda/Desktop/TestProjects/ProxyLibrary/target/test-classes:/home/coda/Desktop/TestProjects/ProxyLibrary/target/classes:/home/coda/.m2/repository/org/springframework/boot/spring-boot-starter-web/3.1.0/spring-boot-starter-web-3.1.0.jar:/home/coda/.m2/repository/org/springframework/boot/spring-boot-starter/3.1.0/spring-boot-starter-3.1.0.jar:/home/coda/.m2/repository/org/springframework/boot/spring-boot/3.1.0/spring-boot-3.1.0.jar:/home/coda/.m2/repository/org/springframework/boot/spring-boot-autoconfigure/3.1.0/spring-boot-autoconfigure-3.1.0.jar:/home/coda/.m2/repository/org/springframework/boot/spring-boot-starter-logging/3.1.0/spring-boot-starter-logging-3.1.0.jar:/home/coda/.m2/repository/ch/qos/logback/logback-classic/1.4.7/logback-classic-1.4.7.jar:/home/coda/.m2/repository/ch/qos/logback/logback-core/1.4.7/logback-core-1.4.7.jar:/home/coda/.m2/repository/org/apache/logging/log4j/log4j-to-slf4j/2.20.0/log4j-to-slf4j-2.20.0.jar:/home/coda/.m2/repository/org/apache/logging/log4j/log4j-api/2.20.0/log4j-api-2.20.0.jar:/home/coda/.m2/repository/org/slf4j/jul-to-slf4j/2.0.7/jul-to-slf4j-2.0.7.jar:/home/coda/.m2/repository/jakarta/annotation/jakarta.annotation-api/2.1.1/jakarta.annotation-api-2.1.1.jar:/home/coda/.m2/repository/org/yaml/snakeyaml/1.33/snakeyaml-1.33.jar:/home/coda/.m2/repository/org/springframework/boot/spring-boot-starter-json/3.1.0/spring-boot-starter-json-3.1.0.jar:/home/coda/.m2/repository/com/fasterxml/jackson/datatype/jackson-datatype-jdk8/2.15.0/jackson-datatype-jdk8-2.15.0.jar:/home/coda/.m2/repository/com/fasterxml/jackson/datatype/jackson-datatype-jsr310/2.15.0/jackson-datatype-jsr310-2.15.0.jar:/home/coda/.m2/repository/com/fasterxml/jackson/module/jackson-module-parameter-names/2.15.0/jackson-module-parameter-names-2.15.0.jar:/home/coda/.m2/repository/org/springframework/boot/spring-boot-starter-tomcat/3.1.0/spring-boot-starter-tomcat-3.1.0.jar:/home/coda/.m2/repository/org/apache/tomcat/embed/tomcat-embed-core/10.1.8/tomcat-embed-core-10.1.8.jar:/home/coda/.m2/repository/org/apache/tomcat/embed/tomcat-embed-el/10.1.8/tomcat-embed-el-10.1.8.jar:/home/coda/.m2/repository/org/apache/tomcat/embed/tomcat-embed-websocket/10.1.8/tomcat-embed-websocket-10.1.8.jar:/home/coda/.m2/repository/org/springframework/spring-web/6.0.9/spring-web-6.0.9.jar:/home/coda/.m2/repository/org/springframework/spring-beans/6.0.9/spring-beans-6.0.9.jar:/home/coda/.m2/repository/io/micrometer/micrometer-observation/1.11.0/micrometer-observation-1.11.0.jar:/home/coda/.m2/repository/org/springframework/spring-webmvc/6.0.9/spring-webmvc-6.0.9.jar:/home/coda/.m2/repository/org/springframework/spring-context/6.0.9/spring-context-6.0.9.jar:/home/coda/.m2/repository/org/springframework/spring-expression/6.0.9/spring-expression-6.0.9.jar:/home/coda/.m2/repository/io/minio/minio/8.5.3/minio-8.5.3.jar:/home/coda/.m2/repository/com/carrotsearch/thirdparty/simple-xml-safe/2.7.1/simple-xml-safe-2.7.1.jar:/home/coda/.m2/repository/com/google/guava/guava/30.1.1-jre/guava-30.1.1-jre.jar:/home/coda/.m2/repository/com/google/guava/failureaccess/1.0.1/failureaccess-1.0.1.jar:/home/coda/.m2/repository/com/google/guava/listenablefuture/9999.0-empty-to-avoid-conflict-with-guava/listenablefuture-9999.0-empty-to-avoid-conflict-with-guava.jar:/home/coda/.m2/repository/com/google/code/findbugs/jsr305/3.0.2/jsr305-3.0.2.jar:/home/coda/.m2/repository/com/google/errorprone/error_prone_annotations/2.5.1/error_prone_annotations-2.5.1.jar:/home/coda/.m2/repository/com/google/j2objc/j2objc-annotations/1.3/j2objc-annotations-1.3.jar:/home/coda/.m2/repository/com/squareup/okhttp3/okhttp/4.10.0/okhttp-4.10.0.jar:/home/coda/.m2/repository/com/squareup/okio/okio-jvm/3.0.0/okio-jvm-3.0.0.jar:/home/coda/.m2/repository/org/jetbrains/kotlin/kotlin-stdlib-jdk8/1.8.21/kotlin-stdlib-jdk8-1.8.21.jar:/home/coda/.m2/repository/org/jetbrains/kotlin/kotlin-stdlib-jdk7/1.8.21/kotlin-stdlib-jdk7-1.8.21.jar:/home/coda/.m2/repository/org/jetbrains/kotlin/kotlin-stdlib-common/1.8.21/kotlin-stdlib-common-1.8.21.jar:/home/coda/.m2/repository/org/jetbrains/kotlin/kotlin-stdlib/1.8.21/kotlin-stdlib-1.8.21.jar:/home/coda/.m2/repository/org/jetbrains/annotations/13.0/annotations-13.0.jar:/home/coda/.m2/repository/com/fasterxml/jackson/core/jackson-annotations/2.15.0/jackson-annotations-2.15.0.jar:/home/coda/.m2/repository/com/fasterxml/jackson/core/jackson-core/2.15.0/jackson-core-2.15.0.jar:/home/coda/.m2/repository/com/fasterxml/jackson/core/jackson-databind/2.15.0/jackson-databind-2.15.0.jar:/home/coda/.m2/repository/org/bouncycastle/bcprov-jdk15on/1.69/bcprov-jdk15on-1.69.jar:/home/coda/.m2/repository/org/apache/commons/commons-compress/1.21/commons-compress-1.21.jar:/home/coda/.m2/repository/org/xerial/snappy/snappy-java/1.1.8.4/snappy-java-1.1.8.4.jar:/home/coda/.m2/repository/com/amazonaws/aws-java-sdk-s3/1.12.486/aws-java-sdk-s3-1.12.486.jar:/home/coda/.m2/repository/com/amazonaws/aws-java-sdk-kms/1.12.486/aws-java-sdk-kms-1.12.486.jar:/home/coda/.m2/repository/com/amazonaws/aws-java-sdk-core/1.12.486/aws-java-sdk-core-1.12.486.jar:/home/coda/.m2/repository/commons-logging/commons-logging/1.1.3/commons-logging-1.1.3.jar:/home/coda/.m2/repository/commons-codec/commons-codec/1.15/commons-codec-1.15.jar:/home/coda/.m2/repository/org/apache/httpcomponents/httpclient/4.5.13/httpclient-4.5.13.jar:/home/coda/.m2/repository/org/apache/httpcomponents/httpcore/4.4.16/httpcore-4.4.16.jar:/home/coda/.m2/repository/software/amazon/ion/ion-java/1.0.2/ion-java-1.0.2.jar:/home/coda/.m2/repository/com/fasterxml/jackson/dataformat/jackson-dataformat-cbor/2.15.0/jackson-dataformat-cbor-2.15.0.jar:/home/coda/.m2/repository/joda-time/joda-time/2.8.1/joda-time-2.8.1.jar:/home/coda/.m2/repository/com/amazonaws/jmespath-java/1.12.486/jmespath-java-1.12.486.jar:/home/coda/.m2/repository/com/jlefebure/spring-boot-starter-minio/1.1/spring-boot-starter-minio-1.1.jar:/home/coda/.m2/repository/io/micrometer/micrometer-core/1.11.0/micrometer-core-1.11.0.jar:/home/coda/.m2/repository/io/micrometer/micrometer-commons/1.11.0/micrometer-commons-1.11.0.jar:/home/coda/.m2/repository/org/hdrhistogram/HdrHistogram/2.1.12/HdrHistogram-2.1.12.jar:/home/coda/.m2/repository/org/latencyutils/LatencyUtils/2.0.3/LatencyUtils-2.0.3.jar:/home/coda/.m2/repository/org/springframework/spring-aop/6.0.9/spring-aop-6.0.9.jar:/home/coda/.m2/repository/org/springframework/boot/spring-boot-starter-aop/3.1.0/spring-boot-starter-aop-3.1.0.jar:/home/coda/.m2/repository/org/aspectj/aspectjweaver/1.9.19/aspectjweaver-1.9.19.jar:/home/coda/.m2/repository/org/springframework/boot/spring-boot-configuration-processor/3.1.0/spring-boot-configuration-processor-3.1.0.jar:/home/coda/.m2/repository/org/springframework/boot/spring-boot-starter-amqp/3.1.0/spring-boot-starter-amqp-3.1.0.jar:/home/coda/.m2/repository/org/springframework/spring-messaging/6.0.9/spring-messaging-6.0.9.jar:/home/coda/.m2/repository/org/springframework/amqp/spring-rabbit/3.0.4/spring-rabbit-3.0.4.jar:/home/coda/.m2/repository/org/springframework/amqp/spring-amqp/3.0.4/spring-amqp-3.0.4.jar:/home/coda/.m2/repository/org/springframework/retry/spring-retry/2.0.1/spring-retry-2.0.1.jar:/home/coda/.m2/repository/com/rabbitmq/amqp-client/5.17.0/amqp-client-5.17.0.jar:/home/coda/.m2/repository/org/springframework/spring-tx/6.0.9/spring-tx-6.0.9.jar:/home/coda/.m2/repository/org/springframework/amqp/spring-rabbit-test/3.0.4/spring-rabbit-test-3.0.4.jar:/home/coda/.m2/repository/org/springframework/amqp/spring-rabbit-junit/3.0.4/spring-rabbit-junit-3.0.4.jar:/home/coda/.m2/repository/org/junit/jupiter/junit-jupiter-api/5.9.3/junit-jupiter-api-5.9.3.jar:/home/coda/.m2/repository/org/opentest4j/opentest4j/1.2.0/opentest4j-1.2.0.jar:/home/coda/.m2/repository/org/junit/platform/junit-platform-commons/1.9.3/junit-platform-commons-1.9.3.jar:/home/coda/.m2/repository/org/apiguardian/apiguardian-api/1.1.2/apiguardian-api-1.1.2.jar:/home/coda/.m2/repository/org/hamcrest/hamcrest-library/2.2/hamcrest-library-2.2.jar:/home/coda/.m2/repository/org/hamcrest/hamcrest-core/2.2/hamcrest-core-2.2.jar:/home/coda/.m2/repository/org/mockito/mockito-core/5.3.1/mockito-core-5.3.1.jar:/home/coda/.m2/repository/net/bytebuddy/byte-buddy/1.14.4/byte-buddy-1.14.4.jar:/home/coda/.m2/repository/net/bytebuddy/byte-buddy-agent/1.14.4/byte-buddy-agent-1.14.4.jar:/home/coda/.m2/repository/org/objenesis/objenesis/3.3/objenesis-3.3.jar:/home/coda/.m2/repository/com/itextpdf/itextpdf/5.5.13.3/itextpdf-5.5.13.3.jar:/home/coda/.m2/repository/wsdl4j/wsdl4j/1.6.3/wsdl4j-1.6.3.jar:/home/coda/.m2/repository/javax/xml/bind/jaxb-api/2.3.1/jaxb-api-2.3.1.jar:/home/coda/.m2/repository/javax/activation/javax.activation-api/1.2.0/javax.activation-api-1.2.0.jar:/home/coda/.m2/repository/com/sun/xml/bind/jaxb-impl/2.3.4/jaxb-impl-2.3.4.jar:/home/coda/.m2/repository/jakarta/xml/bind/jakarta.xml.bind-api/4.0.0/jakarta.xml.bind-api-4.0.0.jar:/home/coda/.m2/repository/com/sun/activation/jakarta.activation/1.2.2/jakarta.activation-1.2.2.jar:/home/coda/.m2/repository/org/springframework/boot/spring-boot-starter-web-services/3.1.0/spring-boot-starter-web-services-3.1.0.jar:/home/coda/.m2/repository/com/sun/xml/messaging/saaj/saaj-impl/3.0.2/saaj-impl-3.0.2.jar:/home/coda/.m2/repository/jakarta/xml/soap/jakarta.xml.soap-api/3.0.0/jakarta.xml.soap-api-3.0.0.jar:/home/coda/.m2/repository/org/jvnet/staxex/stax-ex/2.1.0/stax-ex-2.1.0.jar:/home/coda/.m2/repository/jakarta/activation/jakarta.activation-api/2.1.2/jakarta.activation-api-2.1.2.jar:/home/coda/.m2/repository/org/eclipse/angus/angus-activation/2.0.0/angus-activation-2.0.0.jar:/home/coda/.m2/repository/jakarta/xml/ws/jakarta.xml.ws-api/4.0.0/jakarta.xml.ws-api-4.0.0.jar:/home/coda/.m2/repository/org/springframework/spring-oxm/6.0.9/spring-oxm-6.0.9.jar:/home/coda/.m2/repository/org/springframework/ws/spring-ws-core/4.0.4/spring-ws-core-4.0.4.jar:/home/coda/.m2/repository/org/springframework/ws/spring-xml/4.0.4/spring-xml-4.0.4.jar:/home/coda/.m2/repository/org/glassfish/jaxb/jaxb-runtime/4.0.2/jaxb-runtime-4.0.2.jar:/home/coda/.m2/repository/org/glassfish/jaxb/jaxb-core/4.0.2/jaxb-core-4.0.2.jar:/home/coda/.m2/repository/org/glassfish/jaxb/txw2/4.0.2/txw2-4.0.2.jar:/home/coda/.m2/repository/com/sun/istack/istack-commons-runtime/4.1.1/istack-commons-runtime-4.1.1.jar:/home/coda/.m2/repository/org/springframework/boot/spring-boot-starter-data-jpa/3.1.0/spring-boot-starter-data-jpa-3.1.0.jar:/home/coda/.m2/repository/org/springframework/boot/spring-boot-starter-jdbc/3.1.0/spring-boot-starter-jdbc-3.1.0.jar:/home/coda/.m2/repository/com/zaxxer/HikariCP/5.0.1/HikariCP-5.0.1.jar:/home/coda/.m2/repository/org/springframework/spring-jdbc/6.0.9/spring-jdbc-6.0.9.jar:/home/coda/.m2/repository/org/hibernate/orm/hibernate-core/6.2.2.Final/hibernate-core-6.2.2.Final.jar:/home/coda/.m2/repository/jakarta/persistence/jakarta.persistence-api/3.1.0/jakarta.persistence-api-3.1.0.jar:/home/coda/.m2/repository/jakarta/transaction/jakarta.transaction-api/2.0.1/jakarta.transaction-api-2.0.1.jar:/home/coda/.m2/repository/org/jboss/logging/jboss-logging/3.5.0.Final/jboss-logging-3.5.0.Final.jar:/home/coda/.m2/repository/org/hibernate/common/hibernate-commons-annotations/6.0.6.Final/hibernate-commons-annotations-6.0.6.Final.jar:/home/coda/.m2/repository/io/smallrye/jandex/3.0.5/jandex-3.0.5.jar:/home/coda/.m2/repository/com/fasterxml/classmate/1.5.1/classmate-1.5.1.jar:/home/coda/.m2/repository/jakarta/inject/jakarta.inject-api/2.0.1/jakarta.inject-api-2.0.1.jar:/home/coda/.m2/repository/org/antlr/antlr4-runtime/4.10.1/antlr4-runtime-4.10.1.jar:/home/coda/.m2/repository/org/springframework/data/spring-data-jpa/3.1.0/spring-data-jpa-3.1.0.jar:/home/coda/.m2/repository/org/springframework/data/spring-data-commons/3.1.0/spring-data-commons-3.1.0.jar:/home/coda/.m2/repository/org/springframework/spring-orm/6.0.9/spring-orm-6.0.9.jar:/home/coda/.m2/repository/org/slf4j/slf4j-api/2.0.7/slf4j-api-2.0.7.jar:/home/coda/.m2/repository/org/springframework/spring-aspects/6.0.9/spring-aspects-6.0.9.jar:/home/coda/.m2/repository/org/postgresql/postgresql/42.6.0/postgresql-42.6.0.jar:/home/coda/.m2/repository/org/checkerframework/checker-qual/3.31.0/checker-qual-3.31.0.jar:/home/coda/.m2/repository/org/springframework/boot/spring-boot-starter-test/3.1.0/spring-boot-starter-test-3.1.0.jar:/home/coda/.m2/repository/org/springframework/boot/spring-boot-test/3.1.0/spring-boot-test-3.1.0.jar:/home/coda/.m2/repository/org/springframework/boot/spring-boot-test-autoconfigure/3.1.0/spring-boot-test-autoconfigure-3.1.0.jar:/home/coda/.m2/repository/com/jayway/jsonpath/json-path/2.8.0/json-path-2.8.0.jar:/home/coda/.m2/repository/net/minidev/json-smart/2.4.10/json-smart-2.4.10.jar:/home/coda/.m2/repository/net/minidev/accessors-smart/2.4.9/accessors-smart-2.4.9.jar:/home/coda/.m2/repository/org/ow2/asm/asm/9.3/asm-9.3.jar:/home/coda/.m2/repository/org/assertj/assertj-core/3.24.2/assertj-core-3.24.2.jar:/home/coda/.m2/repository/org/hamcrest/hamcrest/2.2/hamcrest-2.2.jar:/home/coda/.m2/repository/org/junit/jupiter/junit-jupiter/5.9.3/junit-jupiter-5.9.3.jar:/home/coda/.m2/repository/org/junit/jupiter/junit-jupiter-params/5.9.3/junit-jupiter-params-5.9.3.jar:/home/coda/.m2/repository/org/junit/jupiter/junit-jupiter-engine/5.9.3/junit-jupiter-engine-5.9.3.jar:/home/coda/.m2/repository/org/junit/platform/junit-platform-engine/1.9.3/junit-platform-engine-1.9.3.jar:/home/coda/.m2/repository/org/mockito/mockito-junit-jupiter/5.3.1/mockito-junit-jupiter-5.3.1.jar:/home/coda/.m2/repository/org/skyscreamer/jsonassert/1.5.1/jsonassert-1.5.1.jar:/home/coda/.m2/repository/com/vaadin/external/google/android-json/0.0.20131108.vaadin1/android-json-0.0.20131108.vaadin1.jar:/home/coda/.m2/repository/org/springframework/spring-core/6.0.9/spring-core-6.0.9.jar:/home/coda/.m2/repository/org/springframework/spring-jcl/6.0.9/spring-jcl-6.0.9.jar:/home/coda/.m2/repository/org/springframework/spring-test/6.0.9/spring-test-6.0.9.jar:/home/coda/.m2/repository/org/xmlunit/xmlunit-core/2.9.1/xmlunit-core-2.9.1.jar:/home/coda/.m2/repository/org/springdoc/springdoc-openapi-starter-webmvc-ui/2.1.0/springdoc-openapi-starter-webmvc-ui-2.1.0.jar:/home/coda/.m2/repository/org/springdoc/springdoc-openapi-starter-webmvc-api/2.1.0/springdoc-openapi-starter-webmvc-api-2.1.0.jar:/home/coda/.m2/repository/org/springdoc/springdoc-openapi-starter-common/2.1.0/springdoc-openapi-starter-common-2.1.0.jar:/home/coda/.m2/repository/io/swagger/core/v3/swagger-core-jakarta/2.2.9/swagger-core-jakarta-2.2.9.jar:/home/coda/.m2/repository/org/apache/commons/commons-lang3/3.12.0/commons-lang3-3.12.0.jar:/home/coda/.m2/repository/io/swagger/core/v3/swagger-annotations-jakarta/2.2.9/swagger-annotations-jakarta-2.2.9.jar:/home/coda/.m2/repository/io/swagger/core/v3/swagger-models-jakarta/2.2.9/swagger-models-jakarta-2.2.9.jar:/home/coda/.m2/repository/jakarta/validation/jakarta.validation-api/3.0.2/jakarta.validation-api-3.0.2.jar:/home/coda/.m2/repository/com/fasterxml/jackson/dataformat/jackson-dataformat-yaml/2.15.0/jackson-dataformat-yaml-2.15.0.jar:/home/coda/.m2/repository/org/webjars/swagger-ui/4.18.2/swagger-ui-4.18.2.jar:"/>
    <property name="java.vm.vendor" value="Oracle Corporation"/>
    <property name="sun.arch.data.model" value="64"/>
    <property name="java.vendor.url" value="https://java.oracle.com/"/>
    <property name="user.timezone" value="Europe/Chisinau"/>
    <property name="org.jboss.logging.provider" value="slf4j"/>
    <property name="os.name" value="Linux"/>
    <property name="java.vm.specification.version" value="20"/>
    <property name="user.country" value="US"/>
    <property name="sun.java.launcher" value="SUN_STANDARD"/>
    <property name="sun.boot.library.path" value="/usr/lib/jvm/jdk-20/lib"/>
    <property name="sun.java.command" value="/home/coda/Desktop/TestProjects/ProxyLibrary/target/surefire/surefirebooter-20230621180135325_3.jar /home/coda/Desktop/TestProjects/ProxyLibrary/target/surefire 2023-06-21T18-01-35_281-jvmRun1 surefire-20230621180135325_1tmp surefire_0-20230621180135325_2tmp"/>
    <property name="jdk.debug" value="release"/>
    <property name="surefire.test.class.path" value="/home/coda/Desktop/TestProjects/ProxyLibrary/target/test-classes:/home/coda/Desktop/TestProjects/ProxyLibrary/target/classes:/home/coda/.m2/repository/org/springframework/boot/spring-boot-starter-web/3.1.0/spring-boot-starter-web-3.1.0.jar:/home/coda/.m2/repository/org/springframework/boot/spring-boot-starter/3.1.0/spring-boot-starter-3.1.0.jar:/home/coda/.m2/repository/org/springframework/boot/spring-boot/3.1.0/spring-boot-3.1.0.jar:/home/coda/.m2/repository/org/springframework/boot/spring-boot-autoconfigure/3.1.0/spring-boot-autoconfigure-3.1.0.jar:/home/coda/.m2/repository/org/springframework/boot/spring-boot-starter-logging/3.1.0/spring-boot-starter-logging-3.1.0.jar:/home/coda/.m2/repository/ch/qos/logback/logback-classic/1.4.7/logback-classic-1.4.7.jar:/home/coda/.m2/repository/ch/qos/logback/logback-core/1.4.7/logback-core-1.4.7.jar:/home/coda/.m2/repository/org/apache/logging/log4j/log4j-to-slf4j/2.20.0/log4j-to-slf4j-2.20.0.jar:/home/coda/.m2/repository/org/apache/logging/log4j/log4j-api/2.20.0/log4j-api-2.20.0.jar:/home/coda/.m2/repository/org/slf4j/jul-to-slf4j/2.0.7/jul-to-slf4j-2.0.7.jar:/home/coda/.m2/repository/jakarta/annotation/jakarta.annotation-api/2.1.1/jakarta.annotation-api-2.1.1.jar:/home/coda/.m2/repository/org/yaml/snakeyaml/1.33/snakeyaml-1.33.jar:/home/coda/.m2/repository/org/springframework/boot/spring-boot-starter-json/3.1.0/spring-boot-starter-json-3.1.0.jar:/home/coda/.m2/repository/com/fasterxml/jackson/datatype/jackson-datatype-jdk8/2.15.0/jackson-datatype-jdk8-2.15.0.jar:/home/coda/.m2/repository/com/fasterxml/jackson/datatype/jackson-datatype-jsr310/2.15.0/jackson-datatype-jsr310-2.15.0.jar:/home/coda/.m2/repository/com/fasterxml/jackson/module/jackson-module-parameter-names/2.15.0/jackson-module-parameter-names-2.15.0.jar:/home/coda/.m2/repository/org/springframework/boot/spring-boot-starter-tomcat/3.1.0/spring-boot-starter-tomcat-3.1.0.jar:/home/coda/.m2/repository/org/apache/tomcat/embed/tomcat-embed-core/10.1.8/tomcat-embed-core-10.1.8.jar:/home/coda/.m2/repository/org/apache/tomcat/embed/tomcat-embed-el/10.1.8/tomcat-embed-el-10.1.8.jar:/home/coda/.m2/repository/org/apache/tomcat/embed/tomcat-embed-websocket/10.1.8/tomcat-embed-websocket-10.1.8.jar:/home/coda/.m2/repository/org/springframework/spring-web/6.0.9/spring-web-6.0.9.jar:/home/coda/.m2/repository/org/springframework/spring-beans/6.0.9/spring-beans-6.0.9.jar:/home/coda/.m2/repository/io/micrometer/micrometer-observation/1.11.0/micrometer-observation-1.11.0.jar:/home/coda/.m2/repository/org/springframework/spring-webmvc/6.0.9/spring-webmvc-6.0.9.jar:/home/coda/.m2/repository/org/springframework/spring-context/6.0.9/spring-context-6.0.9.jar:/home/coda/.m2/repository/org/springframework/spring-expression/6.0.9/spring-expression-6.0.9.jar:/home/coda/.m2/repository/io/minio/minio/8.5.3/minio-8.5.3.jar:/home/coda/.m2/repository/com/carrotsearch/thirdparty/simple-xml-safe/2.7.1/simple-xml-safe-2.7.1.jar:/home/coda/.m2/repository/com/google/guava/guava/30.1.1-jre/guava-30.1.1-jre.jar:/home/coda/.m2/repository/com/google/guava/failureaccess/1.0.1/failureaccess-1.0.1.jar:/home/coda/.m2/repository/com/google/guava/listenablefuture/9999.0-empty-to-avoid-conflict-with-guava/listenablefuture-9999.0-empty-to-avoid-conflict-with-guava.jar:/home/coda/.m2/repository/com/google/code/findbugs/jsr305/3.0.2/jsr305-3.0.2.jar:/home/coda/.m2/repository/com/google/errorprone/error_prone_annotations/2.5.1/error_prone_annotations-2.5.1.jar:/home/coda/.m2/repository/com/google/j2objc/j2objc-annotations/1.3/j2objc-annotations-1.3.jar:/home/coda/.m2/repository/com/squareup/okhttp3/okhttp/4.10.0/okhttp-4.10.0.jar:/home/coda/.m2/repository/com/squareup/okio/okio-jvm/3.0.0/okio-jvm-3.0.0.jar:/home/coda/.m2/repository/org/jetbrains/kotlin/kotlin-stdlib-jdk8/1.8.21/kotlin-stdlib-jdk8-1.8.21.jar:/home/coda/.m2/repository/org/jetbrains/kotlin/kotlin-stdlib-jdk7/1.8.21/kotlin-stdlib-jdk7-1.8.21.jar:/home/coda/.m2/repository/org/jetbrains/kotlin/kotlin-stdlib-common/1.8.21/kotlin-stdlib-common-1.8.21.jar:/home/coda/.m2/repository/org/jetbrains/kotlin/kotlin-stdlib/1.8.21/kotlin-stdlib-1.8.21.jar:/home/coda/.m2/repository/org/jetbrains/annotations/13.0/annotations-13.0.jar:/home/coda/.m2/repository/com/fasterxml/jackson/core/jackson-annotations/2.15.0/jackson-annotations-2.15.0.jar:/home/coda/.m2/repository/com/fasterxml/jackson/core/jackson-core/2.15.0/jackson-core-2.15.0.jar:/home/coda/.m2/repository/com/fasterxml/jackson/core/jackson-databind/2.15.0/jackson-databind-2.15.0.jar:/home/coda/.m2/repository/org/bouncycastle/bcprov-jdk15on/1.69/bcprov-jdk15on-1.69.jar:/home/coda/.m2/repository/org/apache/commons/commons-compress/1.21/commons-compress-1.21.jar:/home/coda/.m2/repository/org/xerial/snappy/snappy-java/1.1.8.4/snappy-java-1.1.8.4.jar:/home/coda/.m2/repository/com/amazonaws/aws-java-sdk-s3/1.12.486/aws-java-sdk-s3-1.12.486.jar:/home/coda/.m2/repository/com/amazonaws/aws-java-sdk-kms/1.12.486/aws-java-sdk-kms-1.12.486.jar:/home/coda/.m2/repository/com/amazonaws/aws-java-sdk-core/1.12.486/aws-java-sdk-core-1.12.486.jar:/home/coda/.m2/repository/commons-logging/commons-logging/1.1.3/commons-logging-1.1.3.jar:/home/coda/.m2/repository/commons-codec/commons-codec/1.15/commons-codec-1.15.jar:/home/coda/.m2/repository/org/apache/httpcomponents/httpclient/4.5.13/httpclient-4.5.13.jar:/home/coda/.m2/repository/org/apache/httpcomponents/httpcore/4.4.16/httpcore-4.4.16.jar:/home/coda/.m2/repository/software/amazon/ion/ion-java/1.0.2/ion-java-1.0.2.jar:/home/coda/.m2/repository/com/fasterxml/jackson/dataformat/jackson-dataformat-cbor/2.15.0/jackson-dataformat-cbor-2.15.0.jar:/home/coda/.m2/repository/joda-time/joda-time/2.8.1/joda-time-2.8.1.jar:/home/coda/.m2/repository/com/amazonaws/jmespath-java/1.12.486/jmespath-java-1.12.486.jar:/home/coda/.m2/repository/com/jlefebure/spring-boot-starter-minio/1.1/spring-boot-starter-minio-1.1.jar:/home/coda/.m2/repository/io/micrometer/micrometer-core/1.11.0/micrometer-core-1.11.0.jar:/home/coda/.m2/repository/io/micrometer/micrometer-commons/1.11.0/micrometer-commons-1.11.0.jar:/home/coda/.m2/repository/org/hdrhistogram/HdrHistogram/2.1.12/HdrHistogram-2.1.12.jar:/home/coda/.m2/repository/org/latencyutils/LatencyUtils/2.0.3/LatencyUtils-2.0.3.jar:/home/coda/.m2/repository/org/springframework/spring-aop/6.0.9/spring-aop-6.0.9.jar:/home/coda/.m2/repository/org/springframework/boot/spring-boot-starter-aop/3.1.0/spring-boot-starter-aop-3.1.0.jar:/home/coda/.m2/repository/org/aspectj/aspectjweaver/1.9.19/aspectjweaver-1.9.19.jar:/home/coda/.m2/repository/org/springframework/boot/spring-boot-configuration-processor/3.1.0/spring-boot-configuration-processor-3.1.0.jar:/home/coda/.m2/repository/org/springframework/boot/spring-boot-starter-amqp/3.1.0/spring-boot-starter-amqp-3.1.0.jar:/home/coda/.m2/repository/org/springframework/spring-messaging/6.0.9/spring-messaging-6.0.9.jar:/home/coda/.m2/repository/org/springframework/amqp/spring-rabbit/3.0.4/spring-rabbit-3.0.4.jar:/home/coda/.m2/repository/org/springframework/amqp/spring-amqp/3.0.4/spring-amqp-3.0.4.jar:/home/coda/.m2/repository/org/springframework/retry/spring-retry/2.0.1/spring-retry-2.0.1.jar:/home/coda/.m2/repository/com/rabbitmq/amqp-client/5.17.0/amqp-client-5.17.0.jar:/home/coda/.m2/repository/org/springframework/spring-tx/6.0.9/spring-tx-6.0.9.jar:/home/coda/.m2/repository/org/springframework/amqp/spring-rabbit-test/3.0.4/spring-rabbit-test-3.0.4.jar:/home/coda/.m2/repository/org/springframework/amqp/spring-rabbit-junit/3.0.4/spring-rabbit-junit-3.0.4.jar:/home/coda/.m2/repository/org/junit/jupiter/junit-jupiter-api/5.9.3/junit-jupiter-api-5.9.3.jar:/home/coda/.m2/repository/org/opentest4j/opentest4j/1.2.0/opentest4j-1.2.0.jar:/home/coda/.m2/repository/org/junit/platform/junit-platform-commons/1.9.3/junit-platform-commons-1.9.3.jar:/home/coda/.m2/repository/org/apiguardian/apiguardian-api/1.1.2/apiguardian-api-1.1.2.jar:/home/coda/.m2/repository/org/hamcrest/hamcrest-library/2.2/hamcrest-library-2.2.jar:/home/coda/.m2/repository/org/hamcrest/hamcrest-core/2.2/hamcrest-core-2.2.jar:/home/coda/.m2/repository/org/mockito/mockito-core/5.3.1/mockito-core-5.3.1.jar:/home/coda/.m2/repository/net/bytebuddy/byte-buddy/1.14.4/byte-buddy-1.14.4.jar:/home/coda/.m2/repository/net/bytebuddy/byte-buddy-agent/1.14.4/byte-buddy-agent-1.14.4.jar:/home/coda/.m2/repository/org/objenesis/objenesis/3.3/objenesis-3.3.jar:/home/coda/.m2/repository/com/itextpdf/itextpdf/5.5.13.3/itextpdf-5.5.13.3.jar:/home/coda/.m2/repository/wsdl4j/wsdl4j/1.6.3/wsdl4j-1.6.3.jar:/home/coda/.m2/repository/javax/xml/bind/jaxb-api/2.3.1/jaxb-api-2.3.1.jar:/home/coda/.m2/repository/javax/activation/javax.activation-api/1.2.0/javax.activation-api-1.2.0.jar:/home/coda/.m2/repository/com/sun/xml/bind/jaxb-impl/2.3.4/jaxb-impl-2.3.4.jar:/home/coda/.m2/repository/jakarta/xml/bind/jakarta.xml.bind-api/4.0.0/jakarta.xml.bind-api-4.0.0.jar:/home/coda/.m2/repository/com/sun/activation/jakarta.activation/1.2.2/jakarta.activation-1.2.2.jar:/home/coda/.m2/repository/org/springframework/boot/spring-boot-starter-web-services/3.1.0/spring-boot-starter-web-services-3.1.0.jar:/home/coda/.m2/repository/com/sun/xml/messaging/saaj/saaj-impl/3.0.2/saaj-impl-3.0.2.jar:/home/coda/.m2/repository/jakarta/xml/soap/jakarta.xml.soap-api/3.0.0/jakarta.xml.soap-api-3.0.0.jar:/home/coda/.m2/repository/org/jvnet/staxex/stax-ex/2.1.0/stax-ex-2.1.0.jar:/home/coda/.m2/repository/jakarta/activation/jakarta.activation-api/2.1.2/jakarta.activation-api-2.1.2.jar:/home/coda/.m2/repository/org/eclipse/angus/angus-activation/2.0.0/angus-activation-2.0.0.jar:/home/coda/.m2/repository/jakarta/xml/ws/jakarta.xml.ws-api/4.0.0/jakarta.xml.ws-api-4.0.0.jar:/home/coda/.m2/repository/org/springframework/spring-oxm/6.0.9/spring-oxm-6.0.9.jar:/home/coda/.m2/repository/org/springframework/ws/spring-ws-core/4.0.4/spring-ws-core-4.0.4.jar:/home/coda/.m2/repository/org/springframework/ws/spring-xml/4.0.4/spring-xml-4.0.4.jar:/home/coda/.m2/repository/org/glassfish/jaxb/jaxb-runtime/4.0.2/jaxb-runtime-4.0.2.jar:/home/coda/.m2/repository/org/glassfish/jaxb/jaxb-core/4.0.2/jaxb-core-4.0.2.jar:/home/coda/.m2/repository/org/glassfish/jaxb/txw2/4.0.2/txw2-4.0.2.jar:/home/coda/.m2/repository/com/sun/istack/istack-commons-runtime/4.1.1/istack-commons-runtime-4.1.1.jar:/home/coda/.m2/repository/org/springframework/boot/spring-boot-starter-data-jpa/3.1.0/spring-boot-starter-data-jpa-3.1.0.jar:/home/coda/.m2/repository/org/springframework/boot/spring-boot-starter-jdbc/3.1.0/spring-boot-starter-jdbc-3.1.0.jar:/home/coda/.m2/repository/com/zaxxer/HikariCP/5.0.1/HikariCP-5.0.1.jar:/home/coda/.m2/repository/org/springframework/spring-jdbc/6.0.9/spring-jdbc-6.0.9.jar:/home/coda/.m2/repository/org/hibernate/orm/hibernate-core/6.2.2.Final/hibernate-core-6.2.2.Final.jar:/home/coda/.m2/repository/jakarta/persistence/jakarta.persistence-api/3.1.0/jakarta.persistence-api-3.1.0.jar:/home/coda/.m2/repository/jakarta/transaction/jakarta.transaction-api/2.0.1/jakarta.transaction-api-2.0.1.jar:/home/coda/.m2/repository/org/jboss/logging/jboss-logging/3.5.0.Final/jboss-logging-3.5.0.Final.jar:/home/coda/.m2/repository/org/hibernate/common/hibernate-commons-annotations/6.0.6.Final/hibernate-commons-annotations-6.0.6.Final.jar:/home/coda/.m2/repository/io/smallrye/jandex/3.0.5/jandex-3.0.5.jar:/home/coda/.m2/repository/com/fasterxml/classmate/1.5.1/classmate-1.5.1.jar:/home/coda/.m2/repository/jakarta/inject/jakarta.inject-api/2.0.1/jakarta.inject-api-2.0.1.jar:/home/coda/.m2/repository/org/antlr/antlr4-runtime/4.10.1/antlr4-runtime-4.10.1.jar:/home/coda/.m2/repository/org/springframework/data/spring-data-jpa/3.1.0/spring-data-jpa-3.1.0.jar:/home/coda/.m2/repository/org/springframework/data/spring-data-commons/3.1.0/spring-data-commons-3.1.0.jar:/home/coda/.m2/repository/org/springframework/spring-orm/6.0.9/spring-orm-6.0.9.jar:/home/coda/.m2/repository/org/slf4j/slf4j-api/2.0.7/slf4j-api-2.0.7.jar:/home/coda/.m2/repository/org/springframework/spring-aspects/6.0.9/spring-aspects-6.0.9.jar:/home/coda/.m2/repository/org/postgresql/postgresql/42.6.0/postgresql-42.6.0.jar:/home/coda/.m2/repository/org/checkerframework/checker-qual/3.31.0/checker-qual-3.31.0.jar:/home/coda/.m2/repository/org/springframework/boot/spring-boot-starter-test/3.1.0/spring-boot-starter-test-3.1.0.jar:/home/coda/.m2/repository/org/springframework/boot/spring-boot-test/3.1.0/spring-boot-test-3.1.0.jar:/home/coda/.m2/repository/org/springframework/boot/spring-boot-test-autoconfigure/3.1.0/spring-boot-test-autoconfigure-3.1.0.jar:/home/coda/.m2/repository/com/jayway/jsonpath/json-path/2.8.0/json-path-2.8.0.jar:/home/coda/.m2/repository/net/minidev/json-smart/2.4.10/json-smart-2.4.10.jar:/home/coda/.m2/repository/net/minidev/accessors-smart/2.4.9/accessors-smart-2.4.9.jar:/home/coda/.m2/repository/org/ow2/asm/asm/9.3/asm-9.3.jar:/home/coda/.m2/repository/org/assertj/assertj-core/3.24.2/assertj-core-3.24.2.jar:/home/coda/.m2/repository/org/hamcrest/hamcrest/2.2/hamcrest-2.2.jar:/home/coda/.m2/repository/org/junit/jupiter/junit-jupiter/5.9.3/junit-jupiter-5.9.3.jar:/home/coda/.m2/repository/org/junit/jupiter/junit-jupiter-params/5.9.3/junit-jupiter-params-5.9.3.jar:/home/coda/.m2/repository/org/junit/jupiter/junit-jupiter-engine/5.9.3/junit-jupiter-engine-5.9.3.jar:/home/coda/.m2/repository/org/junit/platform/junit-platform-engine/1.9.3/junit-platform-engine-1.9.3.jar:/home/coda/.m2/repository/org/mockito/mockito-junit-jupiter/5.3.1/mockito-junit-jupiter-5.3.1.jar:/home/coda/.m2/repository/org/skyscreamer/jsonassert/1.5.1/jsonassert-1.5.1.jar:/home/coda/.m2/repository/com/vaadin/external/google/android-json/0.0.20131108.vaadin1/android-json-0.0.20131108.vaadin1.jar:/home/coda/.m2/repository/org/springframework/spring-core/6.0.9/spring-core-6.0.9.jar:/home/coda/.m2/repository/org/springframework/spring-jcl/6.0.9/spring-jcl-6.0.9.jar:/home/coda/.m2/repository/org/springframework/spring-test/6.0.9/spring-test-6.0.9.jar:/home/coda/.m2/repository/org/xmlunit/xmlunit-core/2.9.1/xmlunit-core-2.9.1.jar:/home/coda/.m2/repository/org/springdoc/springdoc-openapi-starter-webmvc-ui/2.1.0/springdoc-openapi-starter-webmvc-ui-2.1.0.jar:/home/coda/.m2/repository/org/springdoc/springdoc-openapi-starter-webmvc-api/2.1.0/springdoc-openapi-starter-webmvc-api-2.1.0.jar:/home/coda/.m2/repository/org/springdoc/springdoc-openapi-starter-common/2.1.0/springdoc-openapi-starter-common-2.1.0.jar:/home/coda/.m2/repository/io/swagger/core/v3/swagger-core-jakarta/2.2.9/swagger-core-jakarta-2.2.9.jar:/home/coda/.m2/repository/org/apache/commons/commons-lang3/3.12.0/commons-lang3-3.12.0.jar:/home/coda/.m2/repository/io/swagger/core/v3/swagger-annotations-jakarta/2.2.9/swagger-annotations-jakarta-2.2.9.jar:/home/coda/.m2/repository/io/swagger/core/v3/swagger-models-jakarta/2.2.9/swagger-models-jakarta-2.2.9.jar:/home/coda/.m2/repository/jakarta/validation/jakarta.validation-api/3.0.2/jakarta.validation-api-3.0.2.jar:/home/coda/.m2/repository/com/fasterxml/jackson/dataformat/jackson-dataformat-yaml/2.15.0/jackson-dataformat-yaml-2.15.0.jar:/home/coda/.m2/repository/org/webjars/swagger-ui/4.18.2/swagger-ui-4.18.2.jar:"/>
    <property name="sun.cpu.endian" value="little"/>
    <property name="user.home" value="/home/coda"/>
    <property name="user.language" value="en"/>
    <property name="java.specification.vendor" value="Oracle Corporation"/>
    <property name="java.version.date" value="2023-04-18"/>
    <property name="java.home" value="/usr/lib/jvm/jdk-20"/>
    <property name="file.separator" value="/"/>
    <property name="basedir" value="/home/coda/Desktop/TestProjects/ProxyLibrary"/>
    <property name="java.vm.compressedOopsMode" value="Zero based"/>
    <property name="line.separator" value="&#10;"/>
    <property name="java.vm.specification.vendor" value="Oracle Corporation"/>
    <property name="java.specification.name" value="Java Platform API Specification"/>
    <property name="FILE_LOG_CHARSET" value="UTF-8"/>
    <property name="java.awt.headless" value="true"/>
    <property name="surefire.real.class.path" value="/home/coda/Desktop/TestProjects/ProxyLibrary/target/surefire/surefirebooter-20230621180135325_3.jar"/>
    <property name="sun.management.compiler" value="HotSpot 64-Bit Tiered Compilers"/>
    <property name="java.runtime.version" value="20.0.1+9-29"/>
    <property name="user.name" value="coda"/>
    <property name="stdout.encoding" value="UTF-8"/>
    <property name="path.separator" value=":"/>
    <property name="os.version" value="5.19.0-43-generic"/>
    <property name="java.runtime.name" value="Java(TM) SE Runtime Environment"/>
    <property name="file.encoding" value="UTF-8"/>
    <property name="FILE_LOG_PATTERN" value="%d %p %C{1} [%t] %m%n"/>
    <property name="java.vm.name" value="Java HotSpot(TM) 64-Bit Server VM"/>
    <property name="LOG_FILE" value="/home/coda/spring-boot-loggerProxy.log"/>
    <property name="localRepository" value="/home/coda/.m2/repository"/>
    <property name="java.vendor.url.bug" value="https://bugreport.java.com/bugreport/"/>
    <property name="java.io.tmpdir" value="/tmp"/>
    <property name="idea.version" value="2023.1.2"/>
    <property name="com.zaxxer.hikari.pool_number" value="1"/>
    <property name="java.version" value="20.0.1"/>
    <property name="user.dir" value="/home/coda/Desktop/TestProjects/ProxyLibrary"/>
    <property name="os.arch" value="amd64"/>
    <property name="java.vm.specification.name" value="Java Virtual Machine Specification"/>
    <property name="PID" value="11325"/>
    <property name="CONSOLE_LOG_CHARSET" value="UTF-8"/>
    <property name="native.encoding" value="UTF-8"/>
    <property name="java.library.path" value="/usr/java/packages/lib:/usr/lib64:/lib64:/lib:/usr/lib"/>
    <property name="java.vm.info" value="mixed mode, sharing"/>
    <property name="stderr.encoding" value="UTF-8"/>
    <property name="java.vendor" value="Oracle Corporation"/>
    <property name="java.vm.version" value="20.0.1+9-29"/>
    <property name="sun.io.unicode.encoding" value="UnicodeLittle"/>
    <property name="java.class.version" value="64.0"/>
    <property name="CONSOLE_LOG_PATTERN" value=" %black(%d{ISO8601}) %highlight(%-5level) [%red(%t)] %green(%C{1}): %msg%n%throwable"/>
  </properties>
  <testcase name="contextLoads" classname="com.esempla.proxy.ProxyLibraryApplicationTests" time="0.301">
    <system-out><![CDATA[18:01:35.805 [main] INFO org.springframework.test.context.support.AnnotationConfigContextLoaderUtils -- Could not detect default configuration classes for test class [com.esempla.proxy.ProxyLibraryApplicationTests]: ProxyLibraryApplicationTests does not declare any static, non-private, non-final, nested classes annotated with @Configuration.
18:01:35.860 [main] INFO org.springframework.boot.test.context.SpringBootTestContextBootstrapper -- Found @SpringBootConfiguration com.esempla.proxy.ProxyLibraryApplication for test class com.esempla.proxy.ProxyLibraryApplicationTests

  .   ____          _            __ _ _
 /\\ / ___'_ __ _ _(_)_ __  __ _ \ \ \ \
( ( )\___ | '_ | '_| | '_ \/ _` | \ \ \ \
 \\/  ___)| |_)| | | | | || (_| |  ) ) ) )
  '  |____| .__|_| |_|_| |_\__, | / / / /
 =========|_|==============|___/=/_/_/_/
 :: Spring Boot ::                (v3.1.0)

 &amp#27;[30m2023-06-21 18:01:36,117&amp#27;[0;39m &amp#27;[34mINFO &amp#27;[0;39m [&amp#27;[31mmain&amp#27;[0;39m] &amp#27;[32mo.s.b.StartupInfoLogger&amp#27;[0;39m: Starting ProxyLibraryApplicationTests using Java 20.0.1 with PID 11325 (started by coda in /home/coda/Desktop/TestProjects/ProxyLibrary)
 &amp#27;[30m2023-06-21 18:01:36,118&amp#27;[0;39m &amp#27;[39mDEBUG&amp#27;[0;39m [&amp#27;[31mmain&amp#27;[0;39m] &amp#27;[32mo.s.b.StartupInfoLogger&amp#27;[0;39m: Running with Spring Boot v3.1.0, Spring v6.0.9
 &amp#27;[30m2023-06-21 18:01:36,119&amp#27;[0;39m &amp#27;[34mINFO &amp#27;[0;39m [&amp#27;[31mmain&amp#27;[0;39m] &amp#27;[32mo.s.b.SpringApplication&amp#27;[0;39m: No active profile set, falling back to 1 default profile: "default"
 &amp#27;[30m2023-06-21 18:01:36,527&amp#27;[0;39m &amp#27;[34mINFO &amp#27;[0;39m [&amp#27;[31mmain&amp#27;[0;39m] &amp#27;[32mo.s.d.r.c.RepositoryConfigurationDelegate&amp#27;[0;39m: Bootstrapping Spring Data JPA repositories in DEFAULT mode.
 &amp#27;[30m2023-06-21 18:01:36,558&amp#27;[0;39m &amp#27;[34mINFO &amp#27;[0;39m [&amp#27;[31mmain&amp#27;[0;39m] &amp#27;[32mo.s.d.r.c.RepositoryConfigurationDelegate&amp#27;[0;39m: Finished Spring Data repository scanning in 27 ms. Found 4 JPA repository interfaces.
 &amp#27;[30m2023-06-21 18:01:36,714&amp#27;[0;39m &amp#27;[34mINFO &amp#27;[0;39m [&amp#27;[31mmain&amp#27;[0;39m] &amp#27;[32mo.s.c.s.PostProcessorRegistrationDelegate$BeanPostProcessorChecker&amp#27;[0;39m: Bean 'webServiceConfig' of type [com.esempla.proxy.config.WebServiceConfig$$SpringCGLIB$$0] is not eligible for getting processed by all BeanPostProcessors (for example: not eligible for auto-proxying)
 &amp#27;[30m2023-06-21 18:01:36,715&amp#27;[0;39m &amp#27;[34mINFO &amp#27;[0;39m [&amp#27;[31mmain&amp#27;[0;39m] &amp#27;[32mo.s.c.s.PostProcessorRegistrationDelegate$BeanPostProcessorChecker&amp#27;[0;39m: Bean 'org.springframework.ws.config.annotation.DelegatingWsConfiguration' of type [org.springframework.ws.config.annotation.DelegatingWsConfiguration$$SpringCGLIB$$0] is not eligible for getting processed by all BeanPostProcessors (for example: not eligible for auto-proxying)
 &amp#27;[30m2023-06-21 18:01:36,734&amp#27;[0;39m &amp#27;[34mINFO &amp#27;[0;39m [&amp#27;[31mmain&amp#27;[0;39m] &amp#27;[32mo.s.w.s.a.s.AbstractAddressingEndpointMapping&amp#27;[0;39m: Supporting [WS-Addressing August 2004, WS-Addressing 1.0]
 &amp#27;[30m2023-06-21 18:01:36,832&amp#27;[0;39m &amp#27;[34mINFO &amp#27;[0;39m [&amp#27;[31mmain&amp#27;[0;39m] &amp#27;[32mo.h.j.i.u.LogHelper&amp#27;[0;39m: HHH000204: Processing PersistenceUnitInfo [name: default]
 &amp#27;[30m2023-06-21 18:01:36,859&amp#27;[0;39m &amp#27;[34mINFO &amp#27;[0;39m [&amp#27;[31mmain&amp#27;[0;39m] &amp#27;[32mo.h.Version&amp#27;[0;39m: HHH000412: Hibernate ORM core version 6.2.2.Final
 &amp#27;[30m2023-06-21 18:01:36,861&amp#27;[0;39m &amp#27;[34mINFO &amp#27;[0;39m [&amp#27;[31mmain&amp#27;[0;39m] &amp#27;[32mo.h.c.Environment&amp#27;[0;39m: HHH000406: Using bytecode reflection optimizer
 &amp#27;[30m2023-06-21 18:01:36,942&amp#27;[0;39m &amp#27;[34mINFO &amp#27;[0;39m [&amp#27;[31mmain&amp#27;[0;39m] &amp#27;[32mo.h.b.i.BytecodeProviderInitiator&amp#27;[0;39m: HHH000021: Bytecode provider name : bytebuddy
 &amp#27;[30m2023-06-21 18:01:37,011&amp#27;[0;39m &amp#27;[34mINFO &amp#27;[0;39m [&amp#27;[31mmain&amp#27;[0;39m] &amp#27;[32mo.s.o.j.p.SpringPersistenceUnitInfo&amp#27;[0;39m: No LoadTimeWeaver setup: ignoring JPA class transformer
 &amp#27;[30m2023-06-21 18:01:37,026&amp#27;[0;39m &amp#27;[34mINFO &amp#27;[0;39m [&amp#27;[31mmain&amp#27;[0;39m] &amp#27;[32mo.h.e.j.d.i.DialectFactoryImpl&amp#27;[0;39m: HHH035001: Using dialect: org.hibernate.dialect.PostgreSQLDialect, version: 10.0
 &amp#27;[30m2023-06-21 18:01:37,152&amp#27;[0;39m &amp#27;[34mINFO &amp#27;[0;39m [&amp#27;[31mmain&amp#27;[0;39m] &amp#27;[32mo.h.b.i.BytecodeProviderInitiator&amp#27;[0;39m: HHH000021: Bytecode provider name : bytebuddy
 &amp#27;[30m2023-06-21 18:01:37,488&amp#27;[0;39m &amp#27;[34mINFO &amp#27;[0;39m [&amp#27;[31mmain&amp#27;[0;39m] &amp#27;[32mo.h.e.t.j.p.i.JtaPlatformInitiator&amp#27;[0;39m: HHH000490: Using JtaPlatform implementation: [org.hibernate.engine.transaction.jta.platform.internal.NoJtaPlatform]
 &amp#27;[30m2023-06-21 18:01:37,497&amp#27;[0;39m &amp#27;[34mINFO &amp#27;[0;39m [&amp#27;[31mmain&amp#27;[0;39m] &amp#27;[32mc.z.h.HikariDataSource&amp#27;[0;39m: HikariPool-1 - Starting...
 &amp#27;[30m2023-06-21 18:01:37,703&amp#27;[0;39m &amp#27;[34mINFO &amp#27;[0;39m [&amp#27;[31mmain&amp#27;[0;39m] &amp#27;[32mc.z.h.p.HikariPool&amp#27;[0;39m: HikariPool-1 - Added connection org.postgresql.jdbc.PgConnection@4e7151b3
 &amp#27;[30m2023-06-21 18:01:37,705&amp#27;[0;39m &amp#27;[34mINFO &amp#27;[0;39m [&amp#27;[31mmain&amp#27;[0;39m] &amp#27;[32mc.z.h.HikariDataSource&amp#27;[0;39m: HikariPool-1 - Start completed.
 &amp#27;[30m2023-06-21 18:01:37,782&amp#27;[0;39m &amp#27;[34mINFO &amp#27;[0;39m [&amp#27;[31mmain&amp#27;[0;39m] &amp#27;[32mo.s.o.j.AbstractEntityManagerFactoryBean&amp#27;[0;39m: Initialized JPA EntityManagerFactory for persistence unit 'default'
 &amp#27;[30m2023-06-21 18:01:38,085&amp#27;[0;39m &amp#27;[34mINFO &amp#27;[0;39m [&amp#27;[31mmain&amp#27;[0;39m] &amp#27;[32mo.s.w.s.s.SaajSoapMessageFactory&amp#27;[0;39m: Creating SAAJ 1.3 MessageFactory with SOAP 1.1 Protocol
 &amp#27;[30m2023-06-21 18:01:38,234&amp#27;[0;39m &amp#27;[31mWARN &amp#27;[0;39m [&amp#27;[31mmain&amp#27;[0;39m] &amp#27;[32mo.s.b.a.o.j.JpaBaseConfiguration$JpaWebConfiguration&amp#27;[0;39m: spring.jpa.open-in-view is enabled by default. Therefore, database queries may be performed during view rendering. Explicitly configure spring.jpa.open-in-view to disable this warning
 &amp#27;[30m2023-06-21 18:01:38,795&amp#27;[0;39m &amp#27;[34mINFO &amp#27;[0;39m [&amp#27;[31mmain&amp#27;[0;39m] &amp#27;[32mo.s.a.r.c.AbstractConnectionFactory&amp#27;[0;39m: Attempting to connect to: [localhost:5672]
 &amp#27;[30m2023-06-21 18:01:38,798&amp#27;[0;39m &amp#27;[34mINFO &amp#27;[0;39m [&amp#27;[31mmain&amp#27;[0;39m] &amp#27;[32mo.s.a.r.l.AbstractMessageListenerContainer&amp#27;[0;39m: Broker not available; cannot force queue declarations during start: java.net.ConnectException: Connection refused
 &amp#27;[30m2023-06-21 18:01:38,803&amp#27;[0;39m &amp#27;[34mINFO &amp#27;[0;39m [&amp#27;[31morg.springframework.amqp.rabbit.RabbitListenerEndpointContainer#0-1&amp#27;[0;39m] &amp#27;[32mo.s.a.r.c.AbstractConnectionFactory&amp#27;[0;39m: Attempting to connect to: [localhost:5672]
 &amp#27;[30m2023-06-21 18:01:38,804&amp#27;[0;39m &amp#27;[1;31mERROR&amp#27;[0;39m [&amp#27;[31morg.springframework.amqp.rabbit.RabbitListenerEndpointContainer#0-1&amp#27;[0;39m] &amp#27;[32mo.s.a.r.l.AbstractMessageListenerContainer&amp#27;[0;39m: Failed to check/redeclare auto-delete queue(s).
org.springframework.amqp.AmqpConnectException: java.net.ConnectException: Connection refused
	at org.springframework.amqp.rabbit.support.RabbitExceptionTranslator.convertRabbitAccessException(RabbitExceptionTranslator.java:61)
	at org.springframework.amqp.rabbit.connection.AbstractConnectionFactory.createBareConnection(AbstractConnectionFactory.java:594)
	at org.springframework.amqp.rabbit.connection.CachingConnectionFactory.createConnection(CachingConnectionFactory.java:687)
	at org.springframework.amqp.rabbit.connection.ConnectionFactoryUtils.createConnection(ConnectionFactoryUtils.java:257)
	at org.springframework.amqp.rabbit.core.RabbitTemplate.doExecute(RabbitTemplate.java:2225)
	at org.springframework.amqp.rabbit.core.RabbitTemplate.execute(RabbitTemplate.java:2198)
	at org.springframework.amqp.rabbit.core.RabbitTemplate.execute(RabbitTemplate.java:2178)
	at org.springframework.amqp.rabbit.core.RabbitAdmin.getQueueInfo(RabbitAdmin.java:459)
	at org.springframework.amqp.rabbit.core.RabbitAdmin.getQueueProperties(RabbitAdmin.java:443)
	at org.springframework.amqp.rabbit.listener.AbstractMessageListenerContainer.attemptDeclarations(AbstractMessageListenerContainer.java:1987)
	at org.springframework.amqp.rabbit.listener.AbstractMessageListenerContainer.redeclareElementsIfNecessary(AbstractMessageListenerContainer.java:1960)
	at org.springframework.amqp.rabbit.listener.SimpleMessageListenerContainer$AsyncMessageProcessingConsumer.initialize(SimpleMessageListenerContainer.java:1384)
	at org.springframework.amqp.rabbit.listener.SimpleMessageListenerContainer$AsyncMessageProcessingConsumer.run(SimpleMessageListenerContainer.java:1230)
	at java.base/java.lang.Thread.run(Thread.java:1623)
Caused by: java.net.ConnectException: Connection refused
	at java.base/sun.nio.ch.Net.pollConnect(Native Method)
	at java.base/sun.nio.ch.Net.pollConnectNow(Net.java:673)
	at java.base/sun.nio.ch.NioSocketImpl.timedFinishConnect(NioSocketImpl.java:535)
	at java.base/sun.nio.ch.NioSocketImpl.connect(NioSocketImpl.java:585)
	at java.base/java.net.SocksSocketImpl.connect(SocksSocketImpl.java:327)
	at java.base/java.net.Socket.connect(Socket.java:666)
	at com.rabbitmq.client.impl.SocketFrameHandlerFactory.create(SocketFrameHandlerFactory.java:59)
	at com.rabbitmq.client.ConnectionFactory.newConnection(ConnectionFactory.java:1223)
	at com.rabbitmq.client.ConnectionFactory.newConnection(ConnectionFactory.java:1173)
	at org.springframework.amqp.rabbit.connection.AbstractConnectionFactory.connectAddresses(AbstractConnectionFactory.java:632)
	at org.springframework.amqp.rabbit.connection.AbstractConnectionFactory.connect(AbstractConnectionFactory.java:607)
	at org.springframework.amqp.rabbit.connection.AbstractConnectionFactory.createBareConnection(AbstractConnectionFactory.java:557)
	... 12 common frames omitted
 &amp#27;[30m2023-06-21 18:01:38,806&amp#27;[0;39m &amp#27;[34mINFO &amp#27;[0;39m [&amp#27;[31morg.springframework.amqp.rabbit.RabbitListenerEndpointContainer#0-1&amp#27;[0;39m] &amp#27;[32mo.s.a.r.c.AbstractConnectionFactory&amp#27;[0;39m: Attempting to connect to: [localhost:5672]
 &amp#27;[30m2023-06-21 18:01:38,814&amp#27;[0;39m &amp#27;[34mINFO &amp#27;[0;39m [&amp#27;[31mmain&amp#27;[0;39m] &amp#27;[32mo.s.b.StartupInfoLogger&amp#27;[0;39m: Started ProxyLibraryApplicationTests in 2.871 seconds (process running for 3.455)
]]></system-out>
  </testcase>
</testsuite>